Determining if the pthread_create exist failed with the following output:
Change Dir: /home/soumya/eulers_ws/build/CMakeFiles/CMakeTmp

Run Build Command:"/usr/bin/make" "cmTC_8af85/fast"
/usr/bin/make -f CMakeFiles/cmTC_8af85.dir/build.make CMakeFiles/cmTC_8af85.dir/build
make[1]: Entering directory '/home/soumya/eulers_ws/build/CMakeFiles/CMakeTmp'
Building C object CMakeFiles/cmTC_8af85.dir/CheckSymbolExists.c.o
/usr/bin/cc     -o CMakeFiles/cmTC_8af85.dir/CheckSymbolExists.c.o   -c /home/soumya/eulers_ws/build/CMakeFiles/CMakeTmp/CheckSymbolExists.c
Linking C executable cmTC_8af85
/usr/bin/cmake -E cmake_link_script CMakeFiles/cmTC_8af85.dir/link.txt --verbose=1
/usr/bin/cc       CMakeFiles/cmTC_8af85.dir/CheckSymbolExists.c.o  -o cmTC_8af85 -rdynamic 
CMakeFiles/cmTC_8af85.dir/CheckSymbolExists.c.o: In function `main':
CheckSymbolExists.c:(.text+0x16): undefined reference to `pthread_create'
collect2: error: ld returned 1 exit status
CMakeFiles/cmTC_8af85.dir/build.make:97: recipe for target 'cmTC_8af85' failed
make[1]: *** [cmTC_8af85] Error 1
make[1]: Leaving directory '/home/soumya/eulers_ws/build/CMakeFiles/CMakeTmp'
Makefile:126: recipe for target 'cmTC_8af85/fast' failed
make: *** [cmTC_8af85/fast] Error 2

File /home/soumya/eulers_ws/build/CMakeFiles/CMakeTmp/CheckSymbolExists.c:
/* */
#include <pthread.h>

int main(int argc, char** argv)
{
  (void)argv;
#ifndef pthread_create
  return ((int*)(&pthread_create))[argc];
#else
  (void)argc;
  return 0;
#endif
}

Determining if the function pthread_create exists in the pthreads failed with the following output:
Change Dir: /home/soumya/eulers_ws/build/CMakeFiles/CMakeTmp

Run Build Command:"/usr/bin/make" "cmTC_7fb99/fast"
/usr/bin/make -f CMakeFiles/cmTC_7fb99.dir/build.make CMakeFiles/cmTC_7fb99.dir/build
make[1]: Entering directory '/home/soumya/eulers_ws/build/CMakeFiles/CMakeTmp'
Building C object CMakeFiles/cmTC_7fb99.dir/CheckFunctionExists.c.o
/usr/bin/cc    -DCHECK_FUNCTION_EXISTS=pthread_create   -o CMakeFiles/cmTC_7fb99.dir/CheckFunctionExists.c.o   -c /usr/share/cmake-3.5/Modules/CheckFunctionExists.c
Linking C executable cmTC_7fb99
/usr/bin/cmake -E cmake_link_script CMakeFiles/cmTC_7fb99.dir/link.txt --verbose=1
/usr/bin/cc   -DCHECK_FUNCTION_EXISTS=pthread_create    CMakeFiles/cmTC_7fb99.dir/CheckFunctionExists.c.o  -o cmTC_7fb99 -rdynamic -lpthreads 
/usr/bin/ld: cannot find -lpthreads
collect2: error: ld returned 1 exit status
CMakeFiles/cmTC_7fb99.dir/build.make:97: recipe for target 'cmTC_7fb99' failed
make[1]: *** [cmTC_7fb99] Error 1
make[1]: Leaving directory '/home/soumya/eulers_ws/build/CMakeFiles/CMakeTmp'
Makefile:126: recipe for target 'cmTC_7fb99/fast' failed
make: *** [cmTC_7fb99/fast] Error 2


